[01m[K/workspace/TrackingWithRegistration/src/tracking_with_registration/src/extractMeasurement.cpp:[m[K In constructor â€˜[01m[KExtractMeasurement::ExtractMeasurement(unsigned int)[m[Kâ€™:
[01m[K/workspace/TrackingWithRegistration/src/tracking_with_registration/src/extractMeasurement.cpp:24:2:[m[K [01;31m[Kerror: [m[Kâ€˜[01m[Km_iterationN[m[Kâ€™ was not declared in this scope
  m_iterationN = 0;
[01;32m[K  ^[m[K
[01m[K/workspace/TrackingWithRegistration/src/tracking_with_registration/src/extractMeasurement.cpp:[m[K In member function â€˜[01m[Kvoid ExtractMeasurement::association()[m[Kâ€™:
[01m[K/workspace/TrackingWithRegistration/src/tracking_with_registration/src/extractMeasurement.cpp:146:63:[m[K [01;31m[Kerror: [m[Kbase operand of â€˜[01m[K->[m[Kâ€™ has non-pointer type â€˜[01m[Kstd::vector<boost::shared_ptr<Cluster> >[m[Kâ€™
   unsigned int vehicleN = m_ObstacleTracking.m_TrackingObjects->m_id;
[01;32m[K                                                               ^[m[K
[01m[K/workspace/TrackingWithRegistration/src/tracking_with_registration/src/extractMeasurement.cpp:147:3:[m[K [01;31m[Kerror: [m[Kâ€˜[01m[Kptr[m[Kâ€™ is not a member of â€˜[01m[Kpcl::PointCloud<pcl::PointXYZRGB>[m[Kâ€™
   pcl::PointCloud<pcl::PointXYZRGB>::ptr pTrackingCloud (m_ObstacleTracking.m_TrackingObjects[vehicleN].GetCloud());
[01;32m[K   ^[m[K
[01m[K/workspace/TrackingWithRegistration/src/tracking_with_registration/src/extractMeasurement.cpp:149:52:[m[K [01;31m[Kerror: [m[Kâ€˜[01m[K__gnu_cxx::__alloc_traits<std::allocator<boost::shared_ptr<pcl::PointCloud<pcl::PointXYZRGB> > > >::value_type {aka class boost::shared_ptr<pcl::PointCloud<pcl::PointXYZRGB> >}[m[Kâ€™ has no member named â€˜[01m[Kpush_back[m[Kâ€™
   m_vecVehiclesTrackingCloud[vehicleN][iterationN].push_back (pTrackingCloud);
[01;32m[K                                                    ^[m[K
[01m[K/workspace/TrackingWithRegistration/src/tracking_with_registration/src/extractMeasurement.cpp:149:63:[m[K [01;31m[Kerror: [m[Kâ€˜[01m[KpTrackingCloud[m[Kâ€™ was not declared in this scope
   m_vecVehiclesTrackingCloud[vehicleN][iterationN].push_back (pTrackingCloud);
[01;32m[K                                                               ^[m[K
make[2]: *** [CMakeFiles/tracking_with_registration.dir/src/extractMeasurement.cpp.o] Error 1
make[2]: *** Waiting for unfinished jobs....
make[1]: *** [CMakeFiles/tracking_with_registration.dir/all] Error 2
make: *** [all] Error 2
