[35m[1mScanning dependencies of target tracking_with_registration[0m
[ 20%] [32mBuilding CXX object CMakeFiles/tracking_with_registration.dir/src/measurement.cpp.o[0m
[01m[K/workspace/TrackingWithRegistration/src/tracking_with_registration/src/measurement.cpp:48:1:[m[K [01;31m[Kerror: [m[Kexpected â€˜[01m[K}[m[Kâ€™ at end of input
 }
[01;32m[K ^[m[K
In file included from [01m[K/workspace/TrackingWithRegistration/src/tracking_with_registration/src/measurement.cpp:8:0[m[K:
[01m[K/workspace/TrackingWithRegistration/src/tracking_with_registration/src/highway.h:[m[K In constructor â€˜[01m[KHighway::Highway(pcl::visualization::PCLVisualizer::Ptr&)[m[Kâ€™:
[01m[K/workspace/TrackingWithRegistration/src/tracking_with_registration/src/highway.h:114:22:[m[K [01;31m[Kerror: [m[Kuse of deleted function â€˜[01m[Kstd::basic_ofstream<_CharT, _Traits>::basic_ofstream(const std::basic_ofstream<_CharT, _Traits>&) [with _CharT = char; _Traits = std::char_traits<char>][m[Kâ€™
   for (auto of_csv : vec_of_csv)
[01;32m[K                      ^[m[K
In file included from [01m[K/usr/include/pcl-1.7/pcl/io/impl/pcd_io.hpp:43:0[m[K,
                 from [01m[K/usr/include/pcl-1.7/pcl/io/pcd_io.h:680[m[K,
                 from [01m[K/opt/ros/kinetic/include/pcl_conversions/pcl_conversions.h:70[m[K,
                 from [01m[K/opt/ros/kinetic/include/pcl_ros/point_cloud.h:9[m[K,
                 from [01m[K/workspace/TrackingWithRegistration/src/tracking_with_registration/src/measurement.cpp:7[m[K:
[01m[K/usr/include/c++/5/fstream:723:7:[m[K [01;36m[Knote: [m[Kdeclared here
       basic_ofstream(const basic_ofstream&) = delete;
[01;32m[K       ^[m[K
In file included from [01m[K/workspace/TrackingWithRegistration/src/tracking_with_registration/src/measurement.cpp:8:0[m[K:
[01m[K/workspace/TrackingWithRegistration/src/tracking_with_registration/src/highway.h:117:3:[m[K [01;31m[Kerror: [m[Kexpected primary-expression before â€˜[01m[Kfor[m[Kâ€™
   for (unsigned int trafficIndex = 0; trafficIndex < traffic.size(); trafficIndex++)
[01;32m[K   ^[m[K
[01m[K/workspace/TrackingWithRegistration/src/tracking_with_registration/src/highway.h:117:39:[m[K [01;31m[Kerror: [m[Kâ€˜[01m[KtrafficIndex[m[Kâ€™ was not declared in this scope
   for (unsigned int trafficIndex = 0; trafficIndex < traffic.size(); trafficIndex++)
[01;32m[K                                       ^[m[K
[01m[K/workspace/TrackingWithRegistration/src/tracking_with_registration/src/highway.h:137:2:[m[K [01;31m[Kerror: [m[Ka function-definition is not allowed here before â€˜[01m[K{[m[Kâ€™ token
  {
[01;32m[K  ^[m[K
In file included from [01m[K/workspace/TrackingWithRegistration/src/tracking_with_registration/src/measurement.cpp:8:0[m[K:
[01m[K/workspace/TrackingWithRegistration/src/tracking_with_registration/src/highway.h:220:1:[m[K [01;31m[Kerror: [m[Kexpected â€˜[01m[K}[m[Kâ€™ at end of input
 };
[01;32m[K ^[m[K
[01m[K/workspace/TrackingWithRegistration/src/tracking_with_registration/src/measurement.cpp:[m[K In member function â€˜[01m[Kint Highway::main(int, char**)[m[Kâ€™:
[01m[K/workspace/TrackingWithRegistration/src/tracking_with_registration/src/measurement.cpp:40:11:[m[K [01;31m[Kerror: [m[Kâ€˜[01m[Kclass Highway[m[Kâ€™ has no member named â€˜[01m[KstepHighway[m[Kâ€™
   highway.stepHighway(egoVelocity,time_us, frame_per_sec, viewer);
[01;32m[K           ^[m[K
[01m[K/workspace/TrackingWithRegistration/src/tracking_with_registration/src/measurement.cpp:[m[K At global scope:
[01m[K/workspace/TrackingWithRegistration/src/tracking_with_registration/src/measurement.cpp:48:1:[m[K [01;31m[Kerror: [m[Kexpected unqualified-id at end of input
 }
[01;32m[K ^[m[K
CMakeFiles/tracking_with_registration.dir/build.make:62: recipe for target 'CMakeFiles/tracking_with_registration.dir/src/measurement.cpp.o' failed
make[2]: *** [CMakeFiles/tracking_with_registration.dir/src/measurement.cpp.o] Error 1
CMakeFiles/Makefile2:163: recipe for target 'CMakeFiles/tracking_with_registration.dir/all' failed
make[1]: *** [CMakeFiles/tracking_with_registration.dir/all] Error 2
Makefile:138: recipe for target 'all' failed
make: *** [all] Error 2
