In file included from [01m[K/workspace/TrackingWithRegistration/src/tracking_with_registration/src/measurement.cpp:8:0[m[K:
[01m[K/workspace/TrackingWithRegistration/src/tracking_with_registration/src/highway.h:21:21:[m[K [01;31m[Kerror: [m[Kexpected identifier before string constant
  std::ofstream out ("car1.bin");
[01;32m[K                     ^[m[K
[01m[K/workspace/TrackingWithRegistration/src/tracking_with_registration/src/highway.h:21:21:[m[K [01;31m[Kerror: [m[Kexpected â€˜[01m[K,[m[Kâ€™ or â€˜[01m[K...[m[Kâ€™ before string constant
[01m[K/workspace/TrackingWithRegistration/src/tracking_with_registration/src/highway.h:[m[K In constructor â€˜[01m[KHighway::Highway(pcl::visualization::PCLVisualizer::Ptr&)[m[Kâ€™:
[01m[K/workspace/TrackingWithRegistration/src/tracking_with_registration/src/highway.h:112:7:[m[K [01;31m[Kerror: [m[Kâ€˜[01m[KofCar1[m[Kâ€™ was not declared in this scope
   if (ofCar1.is_open()){
[01;32m[K       ^[m[K
make[2]: *** [CMakeFiles/tracking_with_registration.dir/src/measurement.cpp.o] Error 1
make[1]: *** [CMakeFiles/tracking_with_registration.dir/all] Error 2
make: *** [all] Error 2
