In file included from [01m[K/workspace/TrackingWithRegistration/src/tracking_with_registration/src/measurement.cpp:18:0[m[K:
[01m[K/workspace/TrackingWithRegistration/src/tracking_with_registration/src/highway.h:226:7:[m[K [01;31m[Kerror: [m[Kâ€˜[01m[KTracker[m[Kâ€™ has not been declared
  void Tracker::dbscan(const PointCloudXYZI::ConstPtr& pInputCloud, std::vector<pcl::PointIndices>& vecClusterIndices)
[01;32m[K       ^[m[K
[01m[K/workspace/TrackingWithRegistration/src/tracking_with_registration/src/highway.h:226:29:[m[K [01;31m[Kerror: [m[Kâ€˜[01m[KPointCloudXYZI[m[Kâ€™ does not name a type
  void Tracker::dbscan(const PointCloudXYZI::ConstPtr& pInputCloud, std::vector<pcl::PointIndices>& vecClusterIndices)
[01;32m[K                             ^[m[K
[01m[K/workspace/TrackingWithRegistration/src/tracking_with_registration/src/highway.h:226:53:[m[K [01;31m[Kerror: [m[Kexpected unqualified-id before â€˜[01m[K&[m[Kâ€™ token
  void Tracker::dbscan(const PointCloudXYZI::ConstPtr& pInputCloud, std::vector<pcl::PointIndices>& vecClusterIndices)
[01;32m[K                                                     ^[m[K
[01m[K/workspace/TrackingWithRegistration/src/tracking_with_registration/src/highway.h:226:53:[m[K [01;31m[Kerror: [m[Kexpected â€˜[01m[K)[m[Kâ€™ before â€˜[01m[K&[m[Kâ€™ token
[01m[K/workspace/TrackingWithRegistration/src/tracking_with_registration/src/highway.h:226:53:[m[K [01;31m[Kerror: [m[Kexpected â€˜[01m[K;[m[Kâ€™ at end of member declaration
[01m[K/workspace/TrackingWithRegistration/src/tracking_with_registration/src/highway.h:226:55:[m[K [01;31m[Kerror: [m[Kâ€˜[01m[KpInputCloud[m[Kâ€™ does not name a type
  void Tracker::dbscan(const PointCloudXYZI::ConstPtr& pInputCloud, std::vector<pcl::PointIndices>& vecClusterIndices)
[01;32m[K                                                       ^[m[K
make[2]: *** [CMakeFiles/tracking_with_registration.dir/src/measurement.cpp.o] Error 1
make[1]: *** [CMakeFiles/tracking_with_registration.dir/all] Error 2
make: *** [all] Error 2
