[01m[K/workspace/TrackingWithRegistration/src/tracking_with_registration/src/cluster.cpp:[m[K In function â€˜[01m[Kvoid SetCluster(long long int, unsigned int, unsigned int, unsigned int, unsigned int)[m[Kâ€™:
[01m[K/workspace/TrackingWithRegistration/src/tracking_with_registration/src/cluster.cpp:155:2:[m[K [01;31m[Kerror: [m[Kâ€˜[01m[Km_id[m[Kâ€™ was not declared in this scope
  m_id = iClusterNumber;
[01;32m[K  ^[m[K
[01m[K/workspace/TrackingWithRegistration/src/tracking_with_registration/src/cluster.cpp:156:2:[m[K [01;31m[Kerror: [m[Kâ€˜[01m[Km_r[m[Kâ€™ was not declared in this scope
  m_r = r;
[01;32m[K  ^[m[K
[01m[K/workspace/TrackingWithRegistration/src/tracking_with_registration/src/cluster.cpp:157:2:[m[K [01;31m[Kerror: [m[Kâ€˜[01m[Km_g[m[Kâ€™ was not declared in this scope
  m_g = g;
[01;32m[K  ^[m[K
[01m[K/workspace/TrackingWithRegistration/src/tracking_with_registration/src/cluster.cpp:158:2:[m[K [01;31m[Kerror: [m[Kâ€˜[01m[Km_b[m[Kâ€™ was not declared in this scope
  m_b = b;
[01;32m[K  ^[m[K
[01m[K/workspace/TrackingWithRegistration/src/tracking_with_registration/src/cluster.cpp:161:27:[m[K [01;31m[Kerror: [m[Kâ€˜[01m[Km_pPointCloud[m[Kâ€™ was not declared in this scope
  for (const auto& point : m_pPointCloud->points)
[01;32m[K                           ^[m[K
[01m[K/workspace/TrackingWithRegistration/src/tracking_with_registration/src/cluster.cpp:172:2:[m[K [01;31m[Kerror: [m[Kexpected â€˜[01m[K;[m[Kâ€™ before â€˜[01m[K}[m[Kâ€™ token
  }
[01;32m[K  ^[m[K
[01m[K/workspace/TrackingWithRegistration/src/tracking_with_registration/src/cluster.cpp:173:2:[m[K [01;31m[Kerror: [m[Kâ€˜[01m[Km_pPointCloud[m[Kâ€™ was not declared in this scope
  m_pPointCloud = pTmpCloud;
[01;32m[K  ^[m[K
[01m[K/workspace/TrackingWithRegistration/src/tracking_with_registration/src/cluster.cpp:189:2:[m[K [01;31m[Kerror: [m[Kâ€˜[01m[Km_center[m[Kâ€™ was not declared in this scope
  m_center.position.x = box.center.x;
[01;32m[K  ^[m[K
[01m[K/workspace/TrackingWithRegistration/src/tracking_with_registration/src/cluster.cpp:191:2:[m[K [01;31m[Kerror: [m[Kâ€˜[01m[Km_dDistanceToCenter[m[Kâ€™ was not declared in this scope
  m_dDistanceToCenter = hypot (m_center.position.y, m_center.position.x);
[01;32m[K  ^[m[K
[01m[K/workspace/TrackingWithRegistration/src/tracking_with_registration/src/cluster.cpp:192:2:[m[K [01;31m[Kerror: [m[Kâ€˜[01m[Km_dimensions[m[Kâ€™ was not declared in this scope
  m_dimensions.x = box.size.width;
[01;32m[K  ^[m[K
make[2]: *** [CMakeFiles/tracking_with_registration.dir/src/cluster.cpp.o] Error 1
make[2]: *** Waiting for unfinished jobs....
[01m[K/workspace/TrackingWithRegistration/src/tracking_with_registration/src/extractMeasurement.cpp:[m[K In member function â€˜[01m[Kvoid ExtractMeasurement::association(long long int)[m[Kâ€™:
[01m[K/workspace/TrackingWithRegistration/src/tracking_with_registration/src/extractMeasurement.cpp:186:84:[m[K [01;31m[Kerror: [m[Kâ€˜[01m[Kr[m[Kâ€™ was not declared in this scope
     m_vecVehicleAccumulatedCloud[vehicleIndex]->SetCloud (timestamp, vehicleIndex, r, g, b);
[01;32m[K                                                                                    ^[m[K
[01m[K/workspace/TrackingWithRegistration/src/tracking_with_registration/src/extractMeasurement.cpp:186:87:[m[K [01;31m[Kerror: [m[Kâ€˜[01m[Kg[m[Kâ€™ was not declared in this scope
     m_vecVehicleAccumulatedCloud[vehicleIndex]->SetCloud (timestamp, vehicleIndex, r, g, b);
[01;32m[K                                                                                       ^[m[K
[01m[K/workspace/TrackingWithRegistration/src/tracking_with_registration/src/extractMeasurement.cpp:186:90:[m[K [01;31m[Kerror: [m[Kâ€˜[01m[Kb[m[Kâ€™ was not declared in this scope
     m_vecVehicleAccumulatedCloud[vehicleIndex]->SetCloud (timestamp, vehicleIndex, r, g, b);
[01;32m[K                                                                                          ^[m[K
[01m[K/workspace/TrackingWithRegistration/src/tracking_with_registration/src/extractMeasurement.cpp:[m[K In member function â€˜[01m[Kvoid ExtractMeasurement::point2pointICP(long long int)[m[Kâ€™:
[01m[K/workspace/TrackingWithRegistration/src/tracking_with_registration/src/extractMeasurement.cpp:273:80:[m[K [01;31m[Kerror: [m[Kinvalid initialization of non-const reference of type â€˜[01m[Kpcl::PointCloud<pcl::PointXYZRGB>::Ptr& {aka boost::shared_ptr<pcl::PointCloud<pcl::PointXYZRGB> >&}[m[Kâ€™ from an rvalue of type â€˜[01m[Kpcl::PointCloud<pcl::PointXYZRGB>::Ptr {aka boost::shared_ptr<pcl::PointCloud<pcl::PointXYZRGB> >}[m[Kâ€™
    downsample (pTmpPointCloud, m_vecVehicleAccumulatedCloud[vehicleN]->GetCloud(), 0.1);
[01;32m[K                                                                                ^[m[K
[01m[K/workspace/TrackingWithRegistration/src/tracking_with_registration/src/extractMeasurement.cpp:60:6:[m[K [01;36m[Knote: [m[K  initializing argument 2 of â€˜[01m[Kvoid ExtractMeasurement::downsample(const Ptr&, pcl::PointCloud<pcl::PointXYZRGB>::Ptr&, float)[m[Kâ€™
 void ExtractMeasurement::downsample (const pcl::PointCloud<pcl::PointXYZRGB>::Ptr& pInputCloud, pcl::PointCloud<pcl::PointXYZRGB>::Ptr& pDownsampledCloud, float f_paramLeafSize_m)
[01;32m[K      ^[m[K
[01m[K/workspace/TrackingWithRegistration/src/tracking_with_registration/src/extractMeasurement.cpp:292:74:[m[K [01;31m[Kerror: [m[Kâ€˜[01m[Kr[m[Kâ€™ was not declared in this scope
   m_vecVehicleAccumulatedCloud[vehicleN]->SetCloud (timestamp, vehicleN, r, g, b);
[01;32m[K                                                                          ^[m[K
[01m[K/workspace/TrackingWithRegistration/src/tracking_with_registration/src/extractMeasurement.cpp:292:77:[m[K [01;31m[Kerror: [m[Kâ€˜[01m[Kg[m[Kâ€™ was not declared in this scope
   m_vecVehicleAccumulatedCloud[vehicleN]->SetCloud (timestamp, vehicleN, r, g, b);
[01;32m[K                                                                             ^[m[K
[01m[K/workspace/TrackingWithRegistration/src/tracking_with_registration/src/extractMeasurement.cpp:292:80:[m[K [01;31m[Kerror: [m[Kâ€˜[01m[Kb[m[Kâ€™ was not declared in this scope
   m_vecVehicleAccumulatedCloud[vehicleN]->SetCloud (timestamp, vehicleN, r, g, b);
[01;32m[K                                                                                ^[m[K
[01m[K/workspace/TrackingWithRegistration/src/tracking_with_registration/src/extractMeasurement.cpp:[m[K In member function â€˜[01m[Kvoid ExtractMeasurement::publish()[m[Kâ€™:
[01m[K/workspace/TrackingWithRegistration/src/tracking_with_registration/src/extractMeasurement.cpp:396:23:[m[K [01;31m[Kerror: [m[Kno match for â€˜[01m[Koperator+=[m[Kâ€™ (operand types are â€˜[01m[Kpcl::PointCloud<pcl::PointXYZRGB>[m[Kâ€™ and â€˜[01m[KCluster[m[Kâ€™)
   *pAccumulationCloud += *pVehicleTrackingCloud;
[01;32m[K                       ^[m[K
In file included from [01m[K/opt/ros/kinetic/include/pcl_ros/point_cloud.h:5:0[m[K,
                 from [01m[K/workspace/TrackingWithRegistration/src/tracking_with_registration/src/extractMeasurement.h:5[m[K,
                 from [01m[K/workspace/TrackingWithRegistration/src/tracking_with_registration/src/extractMeasurement.cpp:1[m[K:
[01m[K/usr/include/pcl-1.7/pcl/point_cloud.h:247:7:[m[K [01;36m[Knote: [m[Kcandidate: pcl::PointCloud<PointT>& pcl::PointCloud<PointT>::operator+=(const pcl::PointCloud<PointT>&) [with PointT = pcl::PointXYZRGB]
       operator += (const PointCloud& rhs)
[01;32m[K       ^[m[K
[01m[K/usr/include/pcl-1.7/pcl/point_cloud.h:247:7:[m[K [01;36m[Knote: [m[K  no known conversion for argument 1 from â€˜[01m[KCluster[m[Kâ€™ to â€˜[01m[Kconst pcl::PointCloud<pcl::PointXYZRGB>&[m[Kâ€™
make[2]: *** [CMakeFiles/tracking_with_registration.dir/src/extractMeasurement.cpp.o] Error 1
make[1]: *** [CMakeFiles/tracking_with_registration.dir/all] Error 2
make: *** [all] Error 2
