[01m[K/workspace/TrackingWithRegistration/src/tracking_with_registration/src/extractMeasurement.cpp:[m[K In member function â€˜[01m[Kvoid ExtractMeasurement::point2pointICP(long long int)[m[Kâ€™:
[01m[K/workspace/TrackingWithRegistration/src/tracking_with_registration/src/extractMeasurement.cpp:278:63:[m[K [01;31m[Kerror: [m[Kâ€˜[01m[KvehicleIndex[m[Kâ€™ was not declared in this scope
   extractCenterPoint (timestamp, m_vecVehicleAccumulatedCloud[vehicleIndex], vehicleN);
[01;32m[K                                                               ^[m[K
[01m[K/workspace/TrackingWithRegistration/src/tracking_with_registration/src/extractMeasurement.cpp:[m[K In member function â€˜[01m[Kvoid ExtractMeasurement::extractCenterPoint(long long int, const Ptr&, unsigned int)[m[Kâ€™:
[01m[K/workspace/TrackingWithRegistration/src/tracking_with_registration/src/extractMeasurement.cpp:431:28:[m[K [01;31m[Kerror: [m[Kâ€˜[01m[Kshape[m[Kâ€™ was not declared in this scope
  vecOf_accumMeasurementCSV[shape.id-1] << shape.header.stamp << "," << shape.pose.position.x << "," << shape.pose.position.y << std::endl;
[01;32m[K                            ^[m[K
[01m[K/workspace/TrackingWithRegistration/src/tracking_with_registration/src/extractMeasurement.cpp:434:1:[m[K [01;31m[Kerror: [m[Kexpected â€˜[01m[K;[m[Kâ€™ before â€˜[01m[K}[m[Kâ€™ token
 }
[01;32m[K ^[m[K
make[2]: *** [CMakeFiles/tracking_with_registration.dir/src/extractMeasurement.cpp.o] Error 1
make[1]: *** [CMakeFiles/tracking_with_registration.dir/all] Error 2
make: *** [all] Error 2
