In file included from [01m[K/workspace/TrackingWithRegistration/src/tracking_with_registration/src/extractMeasurement.cpp:1:0[m[K:
[01m[K/workspace/TrackingWithRegistration/src/tracking_with_registration/src/extractMeasurement.h:68:50:[m[K [01;31m[Kerror: [m[Kâ€˜[01m[KPtr[m[Kâ€™ in â€˜[01m[Kclass std::vector<pcl::PointCloud<pcl::PointXYZRGB> >[m[Kâ€™ does not name a type
  std::vector<pcl::PointCloud<pcl::PointXYZRGB>>::Ptr m_vecVehicleAccumulatedCloud;
[01;32m[K                                                  ^[m[K
[01m[K/workspace/TrackingWithRegistration/src/tracking_with_registration/src/extractMeasurement.cpp:[m[K In constructor â€˜[01m[KExtractMeasurement::ExtractMeasurement(unsigned int)[m[Kâ€™:
[01m[K/workspace/TrackingWithRegistration/src/tracking_with_registration/src/extractMeasurement.cpp:28:2:[m[K [01;31m[Kerror: [m[Kâ€˜[01m[Km_vecVehicleAccumulatedCloud[m[Kâ€™ was not declared in this scope
  m_vecVehicleAccumulatedCloud.resize(m_measurementN);
[01;32m[K  ^[m[K
[01m[K/workspace/TrackingWithRegistration/src/tracking_with_registration/src/extractMeasurement.cpp:[m[K In member function â€˜[01m[Kvoid ExtractMeasurement::association()[m[Kâ€™:
[01m[K/workspace/TrackingWithRegistration/src/tracking_with_registration/src/extractMeasurement.cpp:164:6:[m[K [01;31m[Kerror: [m[Kâ€˜[01m[Km_vecVehicleAccumulatedCloud[m[Kâ€™ was not declared in this scope
     *m_vecVehicleAccumulatedCloud[vehicleIndex] += *m_vecVehicleTrackingClouds[vehicleIndex].back();
[01;32m[K      ^[m[K
[01m[K/workspace/TrackingWithRegistration/src/tracking_with_registration/src/extractMeasurement.cpp:171:19:[m[K [01;31m[Kerror: [m[Kno matching function for call to â€˜[01m[KExtractMeasurement::point2pointICP()[m[Kâ€™
    point2pointICP();
[01;32m[K                   ^[m[K
In file included from [01m[K/workspace/TrackingWithRegistration/src/tracking_with_registration/src/extractMeasurement.cpp:1:0[m[K:
[01m[K/workspace/TrackingWithRegistration/src/tracking_with_registration/src/extractMeasurement.h:88:7:[m[K [01;36m[Knote: [m[Kcandidate: void ExtractMeasurement::point2pointICP(unsigned int)
  void point2pointICP (unsigned int iterationN);
[01;32m[K       ^[m[K
[01m[K/workspace/TrackingWithRegistration/src/tracking_with_registration/src/extractMeasurement.h:88:7:[m[K [01;36m[Knote: [m[K  candidate expects 1 argument, 0 provided
[01m[K/workspace/TrackingWithRegistration/src/tracking_with_registration/src/extractMeasurement.cpp:[m[K At global scope:
[01m[K/workspace/TrackingWithRegistration/src/tracking_with_registration/src/extractMeasurement.cpp:176:6:[m[K [01;31m[Kerror: [m[Kprototype for â€˜[01m[Kvoid ExtractMeasurement::point2pointICP()[m[Kâ€™ does not match any in class â€˜[01m[KExtractMeasurement[m[Kâ€™
 void ExtractMeasurement::point2pointICP()
[01;32m[K      ^[m[K
In file included from [01m[K/workspace/TrackingWithRegistration/src/tracking_with_registration/src/extractMeasurement.cpp:1:0[m[K:
[01m[K/workspace/TrackingWithRegistration/src/tracking_with_registration/src/extractMeasurement.h:88:7:[m[K [01;31m[Kerror: [m[Kcandidate is: void ExtractMeasurement::point2pointICP(unsigned int)
  void point2pointICP (unsigned int iterationN);
[01;32m[K       ^[m[K
[01m[K/workspace/TrackingWithRegistration/src/tracking_with_registration/src/extractMeasurement.cpp:[m[K In member function â€˜[01m[Kvoid ExtractMeasurement::publish()[m[Kâ€™:
[01m[K/workspace/TrackingWithRegistration/src/tracking_with_registration/src/extractMeasurement.cpp:298:43:[m[K [01;31m[Kerror: [m[Kâ€˜[01m[Km_vecVehicleAccumulatedCloud[m[Kâ€™ was not declared in this scope
  for (const auto& pVehicleTrackingCloud : m_vecVehicleAccumulatedCloud)
[01;32m[K                                           ^[m[K
In file included from [01m[K/workspace/TrackingWithRegistration/src/tracking_with_registration/src/measurement.cpp:8:0[m[K:
[01m[K/workspace/TrackingWithRegistration/src/tracking_with_registration/src/extractMeasurement.h:68:50:[m[K [01;31m[Kerror: [m[Kâ€˜[01m[KPtr[m[Kâ€™ in â€˜[01m[Kclass std::vector<pcl::PointCloud<pcl::PointXYZRGB> >[m[Kâ€™ does not name a type
  std::vector<pcl::PointCloud<pcl::PointXYZRGB>>::Ptr m_vecVehicleAccumulatedCloud;
[01;32m[K                                                  ^[m[K
make[2]: *** [CMakeFiles/tracking_with_registration.dir/src/extractMeasurement.cpp.o] Error 1
make[2]: *** Waiting for unfinished jobs....
make[2]: *** [CMakeFiles/tracking_with_registration.dir/src/measurement.cpp.o] Error 1
make[1]: *** [CMakeFiles/tracking_with_registration.dir/all] Error 2
make: *** [all] Error 2
